info: Microsoft.AspNetCore.DataProtection.KeyManagement.XmlKeyManager[0]
      User profile is available. Using 'C:\Users\nickg\AppData\Local\ASP.NET\DataProtection-Keys' as key repository and Windows DPAPI to encrypt keys at rest.
Hosting environment: Development
Content root path: C:\Users\nickg\source\repos\Okta_DemoLauncher\DemoLauncher
Application started. Press Ctrl+C to shut down.
info: Microsoft.AspNetCore.Hosting.Internal.WebHost[1]
      Request starting HTTP/1.1 GET http://localhost:52260/  
warn: Microsoft.AspNetCore.HttpsPolicy.HttpsRedirectionMiddleware[3]
      Failed to determine the https port for redirect.
info: Microsoft.AspNetCore.Routing.EndpointMiddleware[0]
      Executing endpoint 'Page: /Home/home-default'
info: Microsoft.AspNetCore.Mvc.RazorPages.Internal.PageActionInvoker[3]
      Route matched with {page = "/Home/home-default"}. Executing page /Home/home-default
info: Microsoft.AspNetCore.Mvc.RazorPages.Internal.PageActionInvoker[101]
      Executing handler method DemoLauncher.Pages.HomeDefaultModel.OnGet - ModelState is Valid
info: Microsoft.AspNetCore.Mvc.RazorPages.Internal.PageActionInvoker[102]
      Executed handler method OnGet, returned result Microsoft.AspNetCore.Mvc.RazorPages.PageResult.
info: Microsoft.AspNetCore.Hosting.Internal.WebHost[1]
      Request starting HTTP/1.1 GET http://localhost:52260/assets/vendor/icon-hs/style.css  
info: Microsoft.AspNetCore.Hosting.Internal.WebHost[1]
      Request starting HTTP/1.1 GET http://localhost:52260/assets/vendor/dzsparallaxer/dzsscroller/scroller.css  
info: Microsoft.AspNetCore.Hosting.Internal.WebHost[1]
      Request starting HTTP/1.1 GET http://localhost:52260/assets/vendor/icon-line-pro/style.css  
info: Microsoft.AspNetCore.Hosting.Internal.WebHost[1]
      Request starting HTTP/1.1 GET http://localhost:52260/assets/vendor/icon-line/css/simple-line-icons.css  
info: Microsoft.AspNetCore.Hosting.Internal.WebHost[1]
      Request starting HTTP/1.1 GET http://localhost:52260/assets/vendor/dzsparallaxer/advancedscroller/plugin.css  
info: Microsoft.AspNetCore.StaticFiles.StaticFileMiddleware[2]
      Sending file. Request path: '/assets/vendor/icon-hs/style.css'. Physical path: 'C:\Users\nickg\source\repos\Okta_DemoLauncher\DemoLauncher\wwwroot\assets\vendor\icon-hs\style.css'
info: Microsoft.AspNetCore.StaticFiles.StaticFileMiddleware[2]
      Sending file. Request path: '/assets/vendor/dzsparallaxer/advancedscroller/plugin.css'. Physical path: 'C:\Users\nickg\source\repos\Okta_DemoLauncher\DemoLauncher\wwwroot\assets\vendor\dzsparallaxer\advancedscroller\plugin.css'
info: Microsoft.AspNetCore.Hosting.Internal.WebHost[2]
      Request finished in 42.6384ms 200 text/css
info: Microsoft.AspNetCore.Mvc.RazorPages.Internal.PageActionInvoker[4]
      Executed page /Home/home-default in 1324.4089ms
info: Microsoft.AspNetCore.Hosting.Internal.WebHost[2]
      Request finished in 28.5707ms 200 text/css
info: Microsoft.AspNetCore.StaticFiles.StaticFileMiddleware[2]
      Sending file. Request path: '/assets/vendor/icon-line/css/simple-line-icons.css'. Physical path: 'C:\Users\nickg\source\repos\Okta_DemoLauncher\DemoLauncher\wwwroot\assets\vendor\icon-line\css\simple-line-icons.css'
info: Microsoft.AspNetCore.StaticFiles.StaticFileMiddleware[2]
      Sending file. Request path: '/assets/vendor/dzsparallaxer/dzsscroller/scroller.css'. Physical path: 'C:\Users\nickg\source\repos\Okta_DemoLauncher\DemoLauncher\wwwroot\assets\vendor\dzsparallaxer\dzsscroller\scroller.css'
info: Microsoft.AspNetCore.Routing.EndpointMiddleware[1]
      Executed endpoint 'Page: /Home/home-default'
info: Microsoft.AspNetCore.StaticFiles.StaticFileMiddleware[2]
      Sending file. Request path: '/assets/vendor/icon-line-pro/style.css'. Physical path: 'C:\Users\nickg\source\repos\Okta_DemoLauncher\DemoLauncher\wwwroot\assets\vendor\icon-line-pro\style.css'
info: Microsoft.AspNetCore.Hosting.Internal.WebHost[2]
      Request finished in 56.3574ms 200 text/css
info: Microsoft.AspNetCore.Hosting.Internal.WebHost[2]
      Request finished in 63.7839ms 200 text/css
info: Microsoft.AspNetCore.Hosting.Internal.WebHost[1]
      Request starting HTTP/1.1 GET http://localhost:52260/assets/vendor/animate.css  
info: Microsoft.AspNetCore.Hosting.Internal.WebHost[2]
      Request finished in 61.951ms 200 text/css
info: Microsoft.AspNetCore.Hosting.Internal.WebHost[1]
      Request starting HTTP/1.1 GET http://localhost:52260/assets/vendor/slick-carousel/slick/slick.css  
info: Microsoft.AspNetCore.Hosting.Internal.WebHost[1]
      Request starting HTTP/1.1 GET http://localhost:52260/assets/vendor/fancybox/jquery.fancybox.min.css  
info: Microsoft.AspNetCore.Hosting.Internal.WebHost[1]
      Request starting HTTP/1.1 GET http://localhost:52260/assets/vendor/malihu-scrollbar/jquery.mCustomScrollbar.min.css  
info: Microsoft.AspNetCore.Hosting.Internal.WebHost[1]
      Request starting HTTP/1.1 GET http://localhost:52260/assets/vendor/typedjs/typed.css  
info: Microsoft.AspNetCore.StaticFiles.StaticFileMiddleware[2]
      Sending file. Request path: '/assets/vendor/fancybox/jquery.fancybox.min.css'. Physical path: 'C:\Users\nickg\source\repos\Okta_DemoLauncher\DemoLauncher\wwwroot\assets\vendor\fancybox\jquery.fancybox.min.css'
info: Microsoft.AspNetCore.StaticFiles.StaticFileMiddleware[2]
      Sending file. Request path: '/assets/vendor/slick-carousel/slick/slick.css'. Physical path: 'C:\Users\nickg\source\repos\Okta_DemoLauncher\DemoLauncher\wwwroot\assets\vendor\slick-carousel\slick\slick.css'
info: Microsoft.AspNetCore.Hosting.Internal.WebHost[2]
      Request finished in 15.3667ms 200 text/css
info: Microsoft.AspNetCore.Hosting.Internal.WebHost[2]
      Request finished in 23.8798ms 200 text/css
info: Microsoft.AspNetCore.StaticFiles.StaticFileMiddleware[2]
      Sending file. Request path: '/assets/vendor/typedjs/typed.css'. Physical path: 'C:\Users\nickg\source\repos\Okta_DemoLauncher\DemoLauncher\wwwroot\assets\vendor\typedjs\typed.css'
info: Microsoft.AspNetCore.StaticFiles.StaticFileMiddleware[2]
      Sending file. Request path: '/assets/vendor/malihu-scrollbar/jquery.mCustomScrollbar.min.css'. Physical path: 'C:\Users\nickg\source\repos\Okta_DemoLauncher\DemoLauncher\wwwroot\assets\vendor\malihu-scrollbar\jquery.mCustomScrollbar.min.css'
info: Microsoft.AspNetCore.StaticFiles.StaticFileMiddleware[2]
      Sending file. Request path: '/assets/vendor/animate.css'. Physical path: 'C:\Users\nickg\source\repos\Okta_DemoLauncher\DemoLauncher\wwwroot\assets\vendor\animate.css'
info: Microsoft.AspNetCore.Hosting.Internal.WebHost[2]
      Request finished in 19.8467ms 200 text/css
info: Microsoft.AspNetCore.Hosting.Internal.WebHost[1]
      Request starting HTTP/1.1 GET http://localhost:52260/assets/vendor/hamburgers/hamburgers.min.css  
info: Microsoft.AspNetCore.Hosting.Internal.WebHost[2]
      Request finished in 21.6398ms 200 text/css
info: Microsoft.AspNetCore.Hosting.Internal.WebHost[1]
      Request starting HTTP/1.1 GET http://localhost:52260/assets/vendor/hs-megamenu/src/hs.megamenu.css  
info: Microsoft.AspNetCore.Hosting.Internal.WebHost[2]
      Request finished in 38.6638ms 200 text/css
info: Microsoft.AspNetCore.StaticFiles.StaticFileMiddleware[2]
      Sending file. Request path: '/assets/vendor/hs-megamenu/src/hs.megamenu.css'. Physical path: 'C:\Users\nickg\source\repos\Okta_DemoLauncher\DemoLauncher\wwwroot\assets\vendor\hs-megamenu\src\hs.megamenu.css'
info: Microsoft.AspNetCore.Hosting.Internal.WebHost[1]
      Request starting HTTP/1.1 GET http://localhost:52260/assets/css/unify-globals.css  
info: Microsoft.AspNetCore.Hosting.Internal.WebHost[2]
      Request finished in 13.0044ms 200 text/css
info: Microsoft.AspNetCore.Hosting.Internal.WebHost[1]
      Request starting HTTP/1.1 GET http://localhost:52260/assets/css/unify-core.css  
info: Microsoft.AspNetCore.Hosting.Internal.WebHost[1]
      Request starting HTTP/1.1 GET http://localhost:52260/assets/css/unify-components.css  
info: Microsoft.AspNetCore.Hosting.Internal.WebHost[2]
      Request finished in 1566.9037ms 200 text/html; charset=utf-8
info: Microsoft.AspNetCore.StaticFiles.StaticFileMiddleware[2]
      Sending file. Request path: '/assets/vendor/hamburgers/hamburgers.min.css'. Physical path: 'C:\Users\nickg\source\repos\Okta_DemoLauncher\DemoLauncher\wwwroot\assets\vendor\hamburgers\hamburgers.min.css'
info: Microsoft.AspNetCore.Hosting.Internal.WebHost[1]
      Request starting HTTP/1.1 GET http://localhost:52260/assets/vendor/icon-etlinefont/style.css  
info: Microsoft.AspNetCore.Hosting.Internal.WebHost[2]
      Request finished in 33.6817ms 200 text/css
info: Microsoft.AspNetCore.Hosting.Internal.WebHost[1]
      Request starting HTTP/1.1 GET http://localhost:52260/assets/css/custom.css  
info: Microsoft.AspNetCore.StaticFiles.StaticFileMiddleware[2]
      Sending file. Request path: '/assets/css/unify-core.css'. Physical path: 'C:\Users\nickg\source\repos\Okta_DemoLauncher\DemoLauncher\wwwroot\assets\css\unify-core.css'
info: Microsoft.AspNetCore.Hosting.Internal.WebHost[2]
      Request finished in 25.1201ms 200 text/css
info: Microsoft.AspNetCore.StaticFiles.StaticFileMiddleware[2]
      Sending file. Request path: '/assets/vendor/icon-etlinefont/style.css'. Physical path: 'C:\Users\nickg\source\repos\Okta_DemoLauncher\DemoLauncher\wwwroot\assets\vendor\icon-etlinefont\style.css'
info: Microsoft.AspNetCore.Hosting.Internal.WebHost[1]
      Request starting HTTP/1.1 GET http://localhost:52260/assets/vendor/icon-awesome/css/font-awesome.min.css  
info: Microsoft.AspNetCore.StaticFiles.StaticFileMiddleware[2]
      Sending file. Request path: '/assets/css/custom.css'. Physical path: 'C:\Users\nickg\source\repos\Okta_DemoLauncher\DemoLauncher\wwwroot\assets\css\custom.css'
info: Microsoft.AspNetCore.Hosting.Internal.WebHost[2]
      Request finished in 20.9355ms 200 text/css
info: Microsoft.AspNetCore.Hosting.Internal.WebHost[1]
      Request starting HTTP/1.1 GET http://localhost:52260/assets/vendor/dzsparallaxer/dzsparallaxer.css  
info: Microsoft.AspNetCore.Hosting.Internal.WebHost[2]
      Request finished in 19.3293ms 200 text/css
info: Microsoft.AspNetCore.StaticFiles.StaticFileMiddleware[2]
      Sending file. Request path: '/assets/vendor/icon-awesome/css/font-awesome.min.css'. Physical path: 'C:\Users\nickg\source\repos\Okta_DemoLauncher\DemoLauncher\wwwroot\assets\vendor\icon-awesome\css\font-awesome.min.css'
info: Microsoft.AspNetCore.Hosting.Internal.WebHost[1]
      Request starting HTTP/1.1 GET http://localhost:52260/assets/img-temp/Customers/oktaLogo.png  
info: Microsoft.AspNetCore.Hosting.Internal.WebHost[1]
      Request starting HTTP/1.1 GET http://localhost:52260/assets/vendor/popper.js/popper.min.js  
info: Microsoft.AspNetCore.StaticFiles.StaticFileMiddleware[2]
      Sending file. Request path: '/assets/vendor/dzsparallaxer/dzsparallaxer.css'. Physical path: 'C:\Users\nickg\source\repos\Okta_DemoLauncher\DemoLauncher\wwwroot\assets\vendor\dzsparallaxer\dzsparallaxer.css'
info: Microsoft.AspNetCore.Hosting.Internal.WebHost[2]
      Request finished in 23.0393ms 200 text/css
info: Microsoft.AspNetCore.StaticFiles.StaticFileMiddleware[2]
      Sending file. Request path: '/assets/img-temp/Customers/oktaLogo.png'. Physical path: 'C:\Users\nickg\source\repos\Okta_DemoLauncher\DemoLauncher\wwwroot\assets\img-temp\Customers\oktaLogo.png'
info: Microsoft.AspNetCore.Hosting.Internal.WebHost[2]
      Request finished in 23.1441ms 200 text/css
info: Microsoft.AspNetCore.Hosting.Internal.WebHost[2]
      Request finished in 12.5684ms 200 image/png
info: Microsoft.AspNetCore.StaticFiles.StaticFileMiddleware[2]
      Sending file. Request path: '/assets/css/unify-components.css'. Physical path: 'C:\Users\nickg\source\repos\Okta_DemoLauncher\DemoLauncher\wwwroot\assets\css\unify-components.css'
info: Microsoft.AspNetCore.StaticFiles.StaticFileMiddleware[2]
      Sending file. Request path: '/assets/vendor/popper.js/popper.min.js'. Physical path: 'C:\Users\nickg\source\repos\Okta_DemoLauncher\DemoLauncher\wwwroot\assets\vendor\popper.js\popper.min.js'
info: Microsoft.AspNetCore.Hosting.Internal.WebHost[1]
      Request starting HTTP/1.1 GET http://localhost:52260/assets/vendor/bootstrap/bootstrap.min.js  
info: Microsoft.AspNetCore.Hosting.Internal.WebHost[2]
      Request finished in 62.4765ms 200 text/css
info: Microsoft.AspNetCore.Hosting.Internal.WebHost[1]
      Request starting HTTP/1.1 GET http://localhost:52260/assets/vendor/appear.js  
info: Microsoft.AspNetCore.Hosting.Internal.WebHost[2]
      Request finished in 27.2105ms 200 application/javascript
info: Microsoft.AspNetCore.StaticFiles.StaticFileMiddleware[2]
      Sending file. Request path: '/assets/vendor/bootstrap/bootstrap.min.js'. Physical path: 'C:\Users\nickg\source\repos\Okta_DemoLauncher\DemoLauncher\wwwroot\assets\vendor\bootstrap\bootstrap.min.js'
info: Microsoft.AspNetCore.StaticFiles.StaticFileMiddleware[2]
      Sending file. Request path: '/assets/css/unify-globals.css'. Physical path: 'C:\Users\nickg\source\repos\Okta_DemoLauncher\DemoLauncher\wwwroot\assets\css\unify-globals.css'
info: Microsoft.AspNetCore.Hosting.Internal.WebHost[1]
      Request starting HTTP/1.1 GET http://localhost:52260/assets/vendor/dzsparallaxer/dzsparallaxer.js  
info: Microsoft.AspNetCore.Hosting.Internal.WebHost[1]
      Request starting HTTP/1.1 GET http://localhost:52260/assets/vendor/jquery/jquery.min.js  
info: Microsoft.AspNetCore.Hosting.Internal.WebHost[2]
      Request finished in 88.7601ms 200 text/css
info: Microsoft.AspNetCore.StaticFiles.StaticFileMiddleware[2]
      Sending file. Request path: '/assets/vendor/appear.js'. Physical path: 'C:\Users\nickg\source\repos\Okta_DemoLauncher\DemoLauncher\wwwroot\assets\vendor\appear.js'
info: Microsoft.AspNetCore.Hosting.Internal.WebHost[1]
      Request starting HTTP/1.1 GET http://localhost:52260/assets/vendor/malihu-scrollbar/jquery.mCustomScrollbar.concat.min.js  
info: Microsoft.AspNetCore.StaticFiles.StaticFileMiddleware[2]
      Sending file. Request path: '/assets/vendor/dzsparallaxer/dzsparallaxer.js'. Physical path: 'C:\Users\nickg\source\repos\Okta_DemoLauncher\DemoLauncher\wwwroot\assets\vendor\dzsparallaxer\dzsparallaxer.js'
info: Microsoft.AspNetCore.Hosting.Internal.WebHost[1]
      Request starting HTTP/1.1 GET http://localhost:52260/assets/vendor/dzsparallaxer/advancedscroller/plugin.js  
info: Microsoft.AspNetCore.Hosting.Internal.WebHost[2]
      Request finished in 23.6923ms 200 application/javascript
info: Microsoft.AspNetCore.Hosting.Internal.WebHost[2]
      Request finished in 17.8591ms 200 application/javascript
info: Microsoft.AspNetCore.StaticFiles.StaticFileMiddleware[2]
      Sending file. Request path: '/assets/vendor/malihu-scrollbar/jquery.mCustomScrollbar.concat.min.js'. Physical path: 'C:\Users\nickg\source\repos\Okta_DemoLauncher\DemoLauncher\wwwroot\assets\vendor\malihu-scrollbar\jquery.mCustomScrollbar.concat.min.js'
info: Microsoft.AspNetCore.Hosting.Internal.WebHost[2]
      Request finished in 17.9294ms 200 application/javascript
info: Microsoft.AspNetCore.Hosting.Internal.WebHost[1]
      Request starting HTTP/1.1 GET http://localhost:52260/assets/vendor/masonry/dist/masonry.pkgd.min.js  
info: Microsoft.AspNetCore.Hosting.Internal.WebHost[1]
      Request starting HTTP/1.1 GET http://localhost:52260/assets/vendor/hs-megamenu/src/hs.megamenu.js  
info: Microsoft.AspNetCore.Hosting.Internal.WebHost[1]
      Request starting HTTP/1.1 GET http://localhost:52260/assets/vendor/imagesloaded/imagesloaded.pkgd.min.js  
info: Microsoft.AspNetCore.StaticFiles.StaticFileMiddleware[2]
      Sending file. Request path: '/assets/vendor/jquery/jquery.min.js'. Physical path: 'C:\Users\nickg\source\repos\Okta_DemoLauncher\DemoLauncher\wwwroot\assets\vendor\jquery\jquery.min.js'
info: Microsoft.AspNetCore.Hosting.Internal.WebHost[2]
      Request finished in 34.8635ms 200 application/javascript
info: Microsoft.AspNetCore.StaticFiles.StaticFileMiddleware[2]
      Sending file. Request path: '/assets/vendor/masonry/dist/masonry.pkgd.min.js'. Physical path: 'C:\Users\nickg\source\repos\Okta_DemoLauncher\DemoLauncher\wwwroot\assets\vendor\masonry\dist\masonry.pkgd.min.js'
info: Microsoft.AspNetCore.StaticFiles.StaticFileMiddleware[2]
      Sending file. Request path: '/assets/vendor/dzsparallaxer/advancedscroller/plugin.js'. Physical path: 'C:\Users\nickg\source\repos\Okta_DemoLauncher\DemoLauncher\wwwroot\assets\vendor\dzsparallaxer\advancedscroller\plugin.js'
info: Microsoft.AspNetCore.Hosting.Internal.WebHost[2]
      Request finished in 51.9156ms 200 application/javascript
info: Microsoft.AspNetCore.StaticFiles.StaticFileMiddleware[2]
      Sending file. Request path: '/assets/vendor/hs-megamenu/src/hs.megamenu.js'. Physical path: 'C:\Users\nickg\source\repos\Okta_DemoLauncher\DemoLauncher\wwwroot\assets\vendor\hs-megamenu\src\hs.megamenu.js'
info: Microsoft.AspNetCore.StaticFiles.StaticFileMiddleware[2]
      Sending file. Request path: '/assets/vendor/imagesloaded/imagesloaded.pkgd.min.js'. Physical path: 'C:\Users\nickg\source\repos\Okta_DemoLauncher\DemoLauncher\wwwroot\assets\vendor\imagesloaded\imagesloaded.pkgd.min.js'
info: Microsoft.AspNetCore.Hosting.Internal.WebHost[2]
      Request finished in 17.1484ms 200 application/javascript
info: Microsoft.AspNetCore.Hosting.Internal.WebHost[2]
      Request finished in 14.2345ms 200 application/javascript
info: Microsoft.AspNetCore.Hosting.Internal.WebHost[1]
      Request starting HTTP/1.1 GET http://localhost:52260/assets/vendor/fancybox/jquery.fancybox.min.js  
info: Microsoft.AspNetCore.StaticFiles.StaticFileMiddleware[2]
      Sending file. Request path: '/assets/vendor/fancybox/jquery.fancybox.min.js'. Physical path: 'C:\Users\nickg\source\repos\Okta_DemoLauncher\DemoLauncher\wwwroot\assets\vendor\fancybox\jquery.fancybox.min.js'
info: Microsoft.AspNetCore.Hosting.Internal.WebHost[2]
      Request finished in 37.5361ms 200 application/javascript
info: Microsoft.AspNetCore.Hosting.Internal.WebHost[1]
      Request starting HTTP/1.1 GET http://localhost:52260/assets/vendor/revolution-slider/revolution/js/jquery.themepunch.tools.min.js  
info: Microsoft.AspNetCore.Hosting.Internal.WebHost[1]
      Request starting HTTP/1.1 GET http://localhost:52260/assets/vendor/jquery.maskedinput/src/jquery.maskedinput.js  
info: Microsoft.AspNetCore.Hosting.Internal.WebHost[2]
      Request finished in 24.5156ms 200 application/javascript
info: Microsoft.AspNetCore.Hosting.Internal.WebHost[2]
      Request finished in 9.7937ms 200 application/javascript
info: Microsoft.AspNetCore.Hosting.Internal.WebHost[1]
      Request starting HTTP/1.1 GET http://localhost:52260/assets/vendor/revolution-slider/revolution/js/extensions/revolution.extension.actions.min.js  
info: Microsoft.AspNetCore.Hosting.Internal.WebHost[1]
      Request starting HTTP/1.1 GET http://localhost:52260/assets/vendor/typedjs/typed.min.js  
info: Microsoft.AspNetCore.Hosting.Internal.WebHost[1]
      Request starting HTTP/1.1 GET http://localhost:52260/assets/vendor/cubeportfolio-full/cubeportfolio/js/jquery.cubeportfolio.min.js  
info: Microsoft.AspNetCore.StaticFiles.StaticFileMiddleware[2]
      Sending file. Request path: '/assets/vendor/revolution-slider/revolution/js/extensions/revolution.extension.actions.min.js'. Physical path: 'C:\Users\nickg\source\repos\Okta_DemoLauncher\DemoLauncher\wwwroot\assets\vendor\revolution-slider\revolution\js\extensions\revolution.extension.actions.min.js'
info: Microsoft.AspNetCore.StaticFiles.StaticFileMiddleware[2]
      Sending file. Request path: '/assets/vendor/typedjs/typed.min.js'. Physical path: 'C:\Users\nickg\source\repos\Okta_DemoLauncher\DemoLauncher\wwwroot\assets\vendor\typedjs\typed.min.js'
info: Microsoft.AspNetCore.StaticFiles.StaticFileMiddleware[2]
      Sending file. Request path: '/assets/vendor/jquery.maskedinput/src/jquery.maskedinput.js'. Physical path: 'C:\Users\nickg\source\repos\Okta_DemoLauncher\DemoLauncher\wwwroot\assets\vendor\jquery.maskedinput\src\jquery.maskedinput.js'
info: Microsoft.AspNetCore.Hosting.Internal.WebHost[2]
      Request finished in 14.3275ms 200 application/javascript
info: Microsoft.AspNetCore.Hosting.Internal.WebHost[2]
      Request finished in 13.4165ms 200 application/javascript
info: Microsoft.AspNetCore.Hosting.Internal.WebHost[1]
      Request starting HTTP/1.1 GET http://localhost:52260/assets/vendor/dzsparallaxer/dzsscroller/scroller.js  
info: Microsoft.AspNetCore.StaticFiles.StaticFileMiddleware[2]
      Sending file. Request path: '/assets/vendor/revolution-slider/revolution/js/jquery.themepunch.tools.min.js'. Physical path: 'C:\Users\nickg\source\repos\Okta_DemoLauncher\DemoLauncher\wwwroot\assets\vendor\revolution-slider\revolution\js\jquery.themepunch.tools.min.js'
info: Microsoft.AspNetCore.Hosting.Internal.WebHost[1]
      Request starting HTTP/1.1 GET http://localhost:52260/assets/vendor/circles/circles.min.js  
info: Microsoft.AspNetCore.StaticFiles.StaticFileMiddleware[2]
      Sending file. Request path: '/assets/vendor/cubeportfolio-full/cubeportfolio/js/jquery.cubeportfolio.min.js'. Physical path: 'C:\Users\nickg\source\repos\Okta_DemoLauncher\DemoLauncher\wwwroot\assets\vendor\cubeportfolio-full\cubeportfolio\js\jquery.cubeportfolio.min.js'
info: Microsoft.AspNetCore.Hosting.Internal.WebHost[2]
      Request finished in 20.6388ms 200 application/javascript
info: Microsoft.AspNetCore.Hosting.Internal.WebHost[2]
      Request finished in 34.0006ms 200 application/javascript
info: Microsoft.AspNetCore.Hosting.Internal.WebHost[1]
      Request starting HTTP/1.1 GET http://localhost:52260/assets/vendor/revolution-slider/revolution/js/extensions/revolution.extension.kenburn.min.js  
info: Microsoft.AspNetCore.Hosting.Internal.WebHost[1]
      Request starting HTTP/1.1 GET http://localhost:52260/assets/vendor/revolution-slider/revolution/js/extensions/revolution.extension.carousel.min.js  
info: Microsoft.AspNetCore.StaticFiles.StaticFileMiddleware[2]
      Sending file. Request path: '/assets/vendor/dzsparallaxer/dzsscroller/scroller.js'. Physical path: 'C:\Users\nickg\source\repos\Okta_DemoLauncher\DemoLauncher\wwwroot\assets\vendor\dzsparallaxer\dzsscroller\scroller.js'
info: Microsoft.AspNetCore.Hosting.Internal.WebHost[1]
      Request starting HTTP/1.1 GET http://localhost:52260/assets/vendor/revolution-slider/revolution/js/extensions/revolution.extension.layeranimation.min.js  
info: Microsoft.AspNetCore.Hosting.Internal.WebHost[2]
      Request finished in 20.7037ms 200 application/javascript
info: Microsoft.AspNetCore.StaticFiles.StaticFileMiddleware[2]
      Sending file. Request path: '/assets/vendor/revolution-slider/revolution/js/extensions/revolution.extension.carousel.min.js'. Physical path: 'C:\Users\nickg\source\repos\Okta_DemoLauncher\DemoLauncher\wwwroot\assets\vendor\revolution-slider\revolution\js\extensions\revolution.extension.carousel.min.js'
info: Microsoft.AspNetCore.StaticFiles.StaticFileMiddleware[2]
      Sending file. Request path: '/assets/vendor/circles/circles.min.js'. Physical path: 'C:\Users\nickg\source\repos\Okta_DemoLauncher\DemoLauncher\wwwroot\assets\vendor\circles\circles.min.js'
info: Microsoft.AspNetCore.Hosting.Internal.WebHost[2]
      Request finished in 10.9683ms 200 application/javascript
info: Microsoft.AspNetCore.StaticFiles.StaticFileMiddleware[2]
      Sending file. Request path: '/assets/vendor/revolution-slider/revolution/js/extensions/revolution.extension.kenburn.min.js'. Physical path: 'C:\Users\nickg\source\repos\Okta_DemoLauncher\DemoLauncher\wwwroot\assets\vendor\revolution-slider\revolution\js\extensions\revolution.extension.kenburn.min.js'
info: Microsoft.AspNetCore.Hosting.Internal.WebHost[1]
      Request starting HTTP/1.1 GET http://localhost:52260/assets/vendor/revolution-slider/revolution/js/extensions/revolution.extension.migration.min.js  
info: Microsoft.AspNetCore.StaticFiles.StaticFileMiddleware[2]
      Sending file. Request path: '/assets/vendor/revolution-slider/revolution/js/extensions/revolution.extension.layeranimation.min.js'. Physical path: 'C:\Users\nickg\source\repos\Okta_DemoLauncher\DemoLauncher\wwwroot\assets\vendor\revolution-slider\revolution\js\extensions\revolution.extension.layeranimation.min.js'
info: Microsoft.AspNetCore.Hosting.Internal.WebHost[2]
      Request finished in 24.5779ms 200 application/javascript
info: Microsoft.AspNetCore.Hosting.Internal.WebHost[2]
      Request finished in 20.6668ms 200 application/javascript
info: Microsoft.AspNetCore.Hosting.Internal.WebHost[2]
      Request finished in 12.1748ms 200 application/javascript
info: Microsoft.AspNetCore.Hosting.Internal.WebHost[1]
      Request starting HTTP/1.1 GET http://localhost:52260/assets/vendor/revolution-slider/revolution/js/extensions/revolution.extension.navigation.min.js  
info: Microsoft.AspNetCore.Hosting.Internal.WebHost[1]
      Request starting HTTP/1.1 GET http://localhost:52260/assets/js/hs.core.js  
info: Microsoft.AspNetCore.Hosting.Internal.WebHost[1]
      Request starting HTTP/1.1 GET http://localhost:52260/assets/vendor/slick-carousel/slick/slick.js  
info: Microsoft.AspNetCore.Hosting.Internal.WebHost[1]
      Request starting HTTP/1.1 GET http://localhost:52260/assets/vendor/revolution-slider/revolution-addons/particles/js/revolution.addon.particles.min.js  
info: Microsoft.AspNetCore.StaticFiles.StaticFileMiddleware[2]
      Sending file. Request path: '/assets/vendor/revolution-slider/revolution/js/extensions/revolution.extension.migration.min.js'. Physical path: 'C:\Users\nickg\source\repos\Okta_DemoLauncher\DemoLauncher\wwwroot\assets\vendor\revolution-slider\revolution\js\extensions\revolution.extension.migration.min.js'
info: Microsoft.AspNetCore.StaticFiles.StaticFileMiddleware[2]
      Sending file. Request path: '/assets/vendor/revolution-slider/revolution/js/extensions/revolution.extension.navigation.min.js'. Physical path: 'C:\Users\nickg\source\repos\Okta_DemoLauncher\DemoLauncher\wwwroot\assets\vendor\revolution-slider\revolution\js\extensions\revolution.extension.navigation.min.js'
info: Microsoft.AspNetCore.Hosting.Internal.WebHost[2]
      Request finished in 15.9374ms 200 application/javascript
info: Microsoft.AspNetCore.StaticFiles.StaticFileMiddleware[2]
      Sending file. Request path: '/assets/js/hs.core.js'. Physical path: 'C:\Users\nickg\source\repos\Okta_DemoLauncher\DemoLauncher\wwwroot\assets\js\hs.core.js'
info: Microsoft.AspNetCore.Hosting.Internal.WebHost[2]
      Request finished in 78.0051ms 200 application/javascript
info: Microsoft.AspNetCore.Hosting.Internal.WebHost[2]
      Request finished in 25.7093ms 200 application/javascript
info: Microsoft.AspNetCore.StaticFiles.StaticFileMiddleware[2]
      Sending file. Request path: '/assets/vendor/revolution-slider/revolution-addons/particles/js/revolution.addon.particles.min.js'. Physical path: 'C:\Users\nickg\source\repos\Okta_DemoLauncher\DemoLauncher\wwwroot\assets\vendor\revolution-slider\revolution-addons\particles\js\revolution.addon.particles.min.js'
info: Microsoft.AspNetCore.Hosting.Internal.WebHost[2]
      Request finished in 14.4224ms 200 application/javascript
info: Microsoft.AspNetCore.StaticFiles.StaticFileMiddleware[2]
      Sending file. Request path: '/assets/vendor/slick-carousel/slick/slick.js'. Physical path: 'C:\Users\nickg\source\repos\Okta_DemoLauncher\DemoLauncher\wwwroot\assets\vendor\slick-carousel\slick\slick.js'
info: Microsoft.AspNetCore.Hosting.Internal.WebHost[1]
      Request starting HTTP/1.1 GET http://localhost:52260/assets/vendor/jquery-migrate/jquery-migrate.min.js  
info: Microsoft.AspNetCore.Hosting.Internal.WebHost[2]
      Request finished in 20.0715ms 200 application/javascript
info: Microsoft.AspNetCore.Hosting.Internal.WebHost[1]
      Request starting HTTP/1.1 GET http://localhost:52260/assets/js/helpers/hs.hamburgers.js  
info: Microsoft.AspNetCore.Hosting.Internal.WebHost[2]
      Request finished in 21.8761ms 200 application/javascript
info: Microsoft.AspNetCore.Hosting.Internal.WebHost[1]
      Request starting HTTP/1.1 GET http://localhost:52260/assets/vendor/bootstrap/bootstrap.min.css  
info: Microsoft.AspNetCore.StaticFiles.StaticFileMiddleware[2]
      Sending file. Request path: '/assets/js/helpers/hs.hamburgers.js'. Physical path: 'C:\Users\nickg\source\repos\Okta_DemoLauncher\DemoLauncher\wwwroot\assets\js\helpers\hs.hamburgers.js'
info: Microsoft.AspNetCore.Hosting.Internal.WebHost[2]
      Request finished in 7.2955ms 200 application/javascript
info: Microsoft.AspNetCore.Hosting.Internal.WebHost[1]
      Request starting HTTP/1.1 GET http://localhost:52260/assets/vendor/revolution-slider/revolution/js/extensions/revolution.extension.slideanims.min.js  
info: Microsoft.AspNetCore.Hosting.Internal.WebHost[1]
      Request starting HTTP/1.1 GET http://localhost:52260/assets/vendor/revolution-slider/revolution/js/extensions/revolution.extension.parallax.min.js  
info: Microsoft.AspNetCore.StaticFiles.StaticFileMiddleware[2]
      Sending file. Request path: '/assets/vendor/bootstrap/bootstrap.min.css'. Physical path: 'C:\Users\nickg\source\repos\Okta_DemoLauncher\DemoLauncher\wwwroot\assets\vendor\bootstrap\bootstrap.min.css'
info: Microsoft.AspNetCore.StaticFiles.StaticFileMiddleware[2]
      Sending file. Request path: '/assets/vendor/jquery-migrate/jquery-migrate.min.js'. Physical path: 'C:\Users\nickg\source\repos\Okta_DemoLauncher\DemoLauncher\wwwroot\assets\vendor\jquery-migrate\jquery-migrate.min.js'
info: Microsoft.AspNetCore.StaticFiles.StaticFileMiddleware[2]
      Sending file. Request path: '/assets/vendor/revolution-slider/revolution/js/extensions/revolution.extension.slideanims.min.js'. Physical path: 'C:\Users\nickg\source\repos\Okta_DemoLauncher\DemoLauncher\wwwroot\assets\vendor\revolution-slider\revolution\js\extensions\revolution.extension.slideanims.min.js'
info: Microsoft.AspNetCore.Hosting.Internal.WebHost[2]
      Request finished in 19.5761ms 200 text/css
info: Microsoft.AspNetCore.StaticFiles.StaticFileMiddleware[2]
      Sending file. Request path: '/assets/vendor/revolution-slider/revolution/js/extensions/revolution.extension.parallax.min.js'. Physical path: 'C:\Users\nickg\source\repos\Okta_DemoLauncher\DemoLauncher\wwwroot\assets\vendor\revolution-slider\revolution\js\extensions\revolution.extension.parallax.min.js'
info: Microsoft.AspNetCore.Hosting.Internal.WebHost[1]
      Request starting HTTP/1.1 GET http://localhost:52260/assets/vendor/revolution-slider/revolution/js/jquery.themepunch.revolution.min.js  
info: Microsoft.AspNetCore.Hosting.Internal.WebHost[2]
      Request finished in 28.5319ms 200 application/javascript
info: Microsoft.AspNetCore.Hosting.Internal.WebHost[1]
      Request starting HTTP/1.1 GET http://localhost:52260/assets/vendor/revolution-slider/revolution/js/extensions/revolution.extension.video.min.js  
info: Microsoft.AspNetCore.Hosting.Internal.WebHost[1]
      Request starting HTTP/1.1 GET http://localhost:52260/assets/js/components/hs.progress-bar.js  
info: Microsoft.AspNetCore.Hosting.Internal.WebHost[2]
      Request finished in 19.9322ms 200 application/javascript
info: Microsoft.AspNetCore.Hosting.Internal.WebHost[1]
      Request starting HTTP/1.1 GET http://localhost:52260/assets/js/components/hs.tabs.js  
info: Microsoft.AspNetCore.StaticFiles.StaticFileMiddleware[2]
      Sending file. Request path: '/assets/vendor/revolution-slider/revolution/js/jquery.themepunch.revolution.min.js'. Physical path: 'C:\Users\nickg\source\repos\Okta_DemoLauncher\DemoLauncher\wwwroot\assets\vendor\revolution-slider\revolution\js\jquery.themepunch.revolution.min.js'
info: Microsoft.AspNetCore.StaticFiles.StaticFileMiddleware[2]
      Sending file. Request path: '/assets/js/components/hs.progress-bar.js'. Physical path: 'C:\Users\nickg\source\repos\Okta_DemoLauncher\DemoLauncher\wwwroot\assets\js\components\hs.progress-bar.js'
info: Microsoft.AspNetCore.Hosting.Internal.WebHost[1]
      Request starting HTTP/1.1 GET http://localhost:52260/assets/js/components/hs.header.js  
info: Microsoft.AspNetCore.Hosting.Internal.WebHost[2]
      Request finished in 19.004ms 200 application/javascript
info: Microsoft.AspNetCore.Hosting.Internal.WebHost[2]
      Request finished in 12.0491ms 200 application/javascript
info: Microsoft.AspNetCore.StaticFiles.StaticFileMiddleware[2]
      Sending file. Request path: '/assets/js/components/hs.tabs.js'. Physical path: 'C:\Users\nickg\source\repos\Okta_DemoLauncher\DemoLauncher\wwwroot\assets\js\components\hs.tabs.js'
info: Microsoft.AspNetCore.StaticFiles.StaticFileMiddleware[2]
      Sending file. Request path: '/assets/vendor/revolution-slider/revolution/js/extensions/revolution.extension.video.min.js'. Physical path: 'C:\Users\nickg\source\repos\Okta_DemoLauncher\DemoLauncher\wwwroot\assets\vendor\revolution-slider\revolution\js\extensions\revolution.extension.video.min.js'
info: Microsoft.AspNetCore.Hosting.Internal.WebHost[1]
      Request starting HTTP/1.1 GET http://localhost:52260/assets/js/components/hs.masked-input.js  
info: Microsoft.AspNetCore.Hosting.Internal.WebHost[2]
      Request finished in 16.9114ms 200 application/javascript
info: Microsoft.AspNetCore.StaticFiles.StaticFileMiddleware[2]
      Sending file. Request path: '/assets/js/components/hs.header.js'. Physical path: 'C:\Users\nickg\source\repos\Okta_DemoLauncher\DemoLauncher\wwwroot\assets\js\components\hs.header.js'
info: Microsoft.AspNetCore.StaticFiles.StaticFileMiddleware[2]
      Sending file. Request path: '/assets/js/components/hs.masked-input.js'. Physical path: 'C:\Users\nickg\source\repos\Okta_DemoLauncher\DemoLauncher\wwwroot\assets\js\components\hs.masked-input.js'
info: Microsoft.AspNetCore.Hosting.Internal.WebHost[2]
      Request finished in 33.0373ms 200 application/javascript
info: Microsoft.AspNetCore.Hosting.Internal.WebHost[2]
      Request finished in 10.7635ms 200 application/javascript
info: Microsoft.AspNetCore.Hosting.Internal.WebHost[1]
      Request starting HTTP/1.1 GET http://localhost:52260/assets/js/helpers/hs.focus-state.js  
info: Microsoft.AspNetCore.Hosting.Internal.WebHost[1]
      Request starting HTTP/1.1 GET http://localhost:52260/assets/js/components/hs.popup.js  
info: Microsoft.AspNetCore.Hosting.Internal.WebHost[1]
      Request starting HTTP/1.1 GET http://localhost:52260/assets/js/helpers/hs.not-empty-state.js  
info: Microsoft.AspNetCore.StaticFiles.StaticFileMiddleware[2]
      Sending file. Request path: '/assets/js/components/hs.popup.js'. Physical path: 'C:\Users\nickg\source\repos\Okta_DemoLauncher\DemoLauncher\wwwroot\assets\js\components\hs.popup.js'
info: Microsoft.AspNetCore.Hosting.Internal.WebHost[1]
      Request starting HTTP/1.1 GET http://localhost:52260/assets/js/components/hs.cubeportfolio.js  
info: Microsoft.AspNetCore.Hosting.Internal.WebHost[2]
      Request finished in 13.1998ms 200 application/javascript
info: Microsoft.AspNetCore.StaticFiles.StaticFileMiddleware[2]
      Sending file. Request path: '/assets/js/helpers/hs.focus-state.js'. Physical path: 'C:\Users\nickg\source\repos\Okta_DemoLauncher\DemoLauncher\wwwroot\assets\js\helpers\hs.focus-state.js'
info: Microsoft.AspNetCore.StaticFiles.StaticFileMiddleware[2]
      Sending file. Request path: '/assets/js/helpers/hs.not-empty-state.js'. Physical path: 'C:\Users\nickg\source\repos\Okta_DemoLauncher\DemoLauncher\wwwroot\assets\js\helpers\hs.not-empty-state.js'
info: Microsoft.AspNetCore.StaticFiles.StaticFileMiddleware[2]
      Sending file. Request path: '/assets/js/components/hs.cubeportfolio.js'. Physical path: 'C:\Users\nickg\source\repos\Okta_DemoLauncher\DemoLauncher\wwwroot\assets\js\components\hs.cubeportfolio.js'
info: Microsoft.AspNetCore.Hosting.Internal.WebHost[1]
      Request starting HTTP/1.1 GET http://localhost:52260/assets/js/components/hs.counter.js  
info: Microsoft.AspNetCore.Hosting.Internal.WebHost[2]
      Request finished in 23.918ms 200 application/javascript
info: Microsoft.AspNetCore.Hosting.Internal.WebHost[2]
      Request finished in 15.4619ms 200 application/javascript
info: Microsoft.AspNetCore.Hosting.Internal.WebHost[1]
      Request starting HTTP/1.1 GET http://localhost:52260/assets/js/custom.js  
info: Microsoft.AspNetCore.Hosting.Internal.WebHost[2]
      Request finished in 26.249ms 200 application/javascript
info: Microsoft.AspNetCore.StaticFiles.StaticFileMiddleware[2]
      Sending file. Request path: '/assets/js/components/hs.counter.js'. Physical path: 'C:\Users\nickg\source\repos\Okta_DemoLauncher\DemoLauncher\wwwroot\assets\js\components\hs.counter.js'
info: Microsoft.AspNetCore.Hosting.Internal.WebHost[1]
      Request starting HTTP/1.1 GET http://localhost:52260/assets/js/components/hs.onscroll-animation.js  
info: Microsoft.AspNetCore.Hosting.Internal.WebHost[2]
      Request finished in 18.4757ms 200 application/javascript
info: Microsoft.AspNetCore.Hosting.Internal.WebHost[1]
      Request starting HTTP/1.1 GET http://localhost:52260/assets/js/components/hs.scrollbar.js  
info: Microsoft.AspNetCore.StaticFiles.StaticFileMiddleware[2]
      Sending file. Request path: '/assets/js/custom.js'. Physical path: 'C:\Users\nickg\source\repos\Okta_DemoLauncher\DemoLauncher\wwwroot\assets\js\custom.js'
info: Microsoft.AspNetCore.Hosting.Internal.WebHost[1]
      Request starting HTTP/1.1 GET http://localhost:52260/assets/js/components/hs.chart-pie.js  
info: Microsoft.AspNetCore.Hosting.Internal.WebHost[2]
      Request finished in 68.6989ms 200 application/javascript
info: Microsoft.AspNetCore.StaticFiles.StaticFileMiddleware[2]
      Sending file. Request path: '/assets/js/components/hs.onscroll-animation.js'. Physical path: 'C:\Users\nickg\source\repos\Okta_DemoLauncher\DemoLauncher\wwwroot\assets\js\components\hs.onscroll-animation.js'
info: Microsoft.AspNetCore.StaticFiles.StaticFileMiddleware[2]
      Sending file. Request path: '/assets/js/components/hs.scrollbar.js'. Physical path: 'C:\Users\nickg\source\repos\Okta_DemoLauncher\DemoLauncher\wwwroot\assets\js\components\hs.scrollbar.js'
info: Microsoft.AspNetCore.Hosting.Internal.WebHost[2]
      Request finished in 16.7304ms 200 application/javascript
info: Microsoft.AspNetCore.Hosting.Internal.WebHost[2]
      Request finished in 21.7589ms 200 application/javascript
info: Microsoft.AspNetCore.Hosting.Internal.WebHost[2]
      Request finished in 16.4377ms 200 application/javascript
info: Microsoft.AspNetCore.StaticFiles.StaticFileMiddleware[2]
      Sending file. Request path: '/assets/js/components/hs.chart-pie.js'. Physical path: 'C:\Users\nickg\source\repos\Okta_DemoLauncher\DemoLauncher\wwwroot\assets\js\components\hs.chart-pie.js'
info: Microsoft.AspNetCore.Hosting.Internal.WebHost[1]
      Request starting HTTP/1.1 GET http://localhost:52260/assets/js/components/hs.go-to.js  
info: Microsoft.AspNetCore.Hosting.Internal.WebHost[1]
      Request starting HTTP/1.1 GET http://localhost:52260/assets/js/components/hs.carousel.js  
info: Microsoft.AspNetCore.Hosting.Internal.WebHost[2]
      Request finished in 17.8248ms 200 application/javascript
info: Microsoft.AspNetCore.Hosting.Internal.WebHost[1]
      Request starting HTTP/1.1 GET http://localhost:52260/assets/js/components/text-animation/hs.text-slideshow.js  
info: Microsoft.AspNetCore.StaticFiles.StaticFileMiddleware[2]
      Sending file. Request path: '/assets/js/components/hs.carousel.js'. Physical path: 'C:\Users\nickg\source\repos\Okta_DemoLauncher\DemoLauncher\wwwroot\assets\js\components\hs.carousel.js'
info: Microsoft.AspNetCore.Hosting.Internal.WebHost[1]
      Request starting HTTP/1.1 GET http://localhost:52260/assets/js/components/hs.select.js  
info: Microsoft.AspNetCore.StaticFiles.StaticFileMiddleware[2]
      Sending file. Request path: '/assets/js/components/hs.go-to.js'. Physical path: 'C:\Users\nickg\source\repos\Okta_DemoLauncher\DemoLauncher\wwwroot\assets\js\components\hs.go-to.js'
info: Microsoft.AspNetCore.Hosting.Internal.WebHost[2]
      Request finished in 12.6434ms 200 application/javascript
info: Microsoft.AspNetCore.Hosting.Internal.WebHost[1]
      Request starting HTTP/1.1 GET http://localhost:52260/assets/js/components/hs.rating.js  
info: Microsoft.AspNetCore.Hosting.Internal.WebHost[2]
      Request finished in 14.4888ms 200 application/javascript
info: Microsoft.AspNetCore.StaticFiles.StaticFileMiddleware[2]
      Sending file. Request path: '/assets/js/components/text-animation/hs.text-slideshow.js'. Physical path: 'C:\Users\nickg\source\repos\Okta_DemoLauncher\DemoLauncher\wwwroot\assets\js\components\text-animation\hs.text-slideshow.js'
info: Microsoft.AspNetCore.Hosting.Internal.WebHost[1]
      Request starting HTTP/1.1 GET http://localhost:52260/assets/vendor/prism/themes/prism.css  
info: Microsoft.AspNetCore.Hosting.Internal.WebHost[2]
      Request finished in 16.1048ms 200 application/javascript
info: Microsoft.AspNetCore.StaticFiles.StaticFileMiddleware[2]
      Sending file. Request path: '/assets/js/components/hs.rating.js'. Physical path: 'C:\Users\nickg\source\repos\Okta_DemoLauncher\DemoLauncher\wwwroot\assets\js\components\hs.rating.js'
info: Microsoft.AspNetCore.Hosting.Internal.WebHost[1]
      Request starting HTTP/1.1 GET http://localhost:52260/assets/vendor/clipboard/dist/clipboard.min.js  
info: Microsoft.AspNetCore.Hosting.Internal.WebHost[1]
      Request starting HTTP/1.1 GET http://localhost:52260/assets/vendor/custombox/custombox.min.css  
info: Microsoft.AspNetCore.Hosting.Internal.WebHost[2]
      Request finished in 15.9362ms 200 application/javascript
info: Microsoft.AspNetCore.StaticFiles.StaticFileMiddleware[2]
      Sending file. Request path: '/assets/vendor/prism/themes/prism.css'. Physical path: 'C:\Users\nickg\source\repos\Okta_DemoLauncher\DemoLauncher\wwwroot\assets\vendor\prism\themes\prism.css'
info: Microsoft.AspNetCore.StaticFiles.StaticFileMiddleware[2]
      Sending file. Request path: '/assets/vendor/custombox/custombox.min.css'. Physical path: 'C:\Users\nickg\source\repos\Okta_DemoLauncher\DemoLauncher\wwwroot\assets\vendor\custombox\custombox.min.css'
info: Microsoft.AspNetCore.Hosting.Internal.WebHost[1]
      Request starting HTTP/1.1 GET http://localhost:52260/assets/style-switcher/vendor/spectrum/spectrum.css  
info: Microsoft.AspNetCore.Hosting.Internal.WebHost[2]
      Request finished in 11.7099ms 200 text/css
info: Microsoft.AspNetCore.Hosting.Internal.WebHost[2]
      Request finished in 19.8206ms 200 text/css
info: Microsoft.AspNetCore.StaticFiles.StaticFileMiddleware[2]
      Sending file. Request path: '/assets/js/components/hs.select.js'. Physical path: 'C:\Users\nickg\source\repos\Okta_DemoLauncher\DemoLauncher\wwwroot\assets\js\components\hs.select.js'
info: Microsoft.AspNetCore.Hosting.Internal.WebHost[1]
      Request starting HTTP/1.1 GET http://localhost:52260/assets/css/custom.less  
info: Microsoft.AspNetCore.StaticFiles.StaticFileMiddleware[2]
      Sending file. Request path: '/assets/style-switcher/vendor/spectrum/spectrum.css'. Physical path: 'C:\Users\nickg\source\repos\Okta_DemoLauncher\DemoLauncher\wwwroot\assets\style-switcher\vendor\spectrum\spectrum.css'
info: Microsoft.AspNetCore.Hosting.Internal.WebHost[2]
      Request finished in 36.6975ms 200 application/javascript
info: Microsoft.AspNetCore.Hosting.Internal.WebHost[1]
      Request starting HTTP/1.1 GET http://localhost:52260/assets/vendor/prism/prism.js  
info: Microsoft.AspNetCore.Hosting.Internal.WebHost[2]
      Request finished in 15.9832ms 200 text/css
info: Microsoft.AspNetCore.StaticFiles.StaticFileMiddleware[2]
      Sending file. Request path: '/assets/vendor/prism/prism.js'. Physical path: 'C:\Users\nickg\source\repos\Okta_DemoLauncher\DemoLauncher\wwwroot\assets\vendor\prism\prism.js'
info: Microsoft.AspNetCore.Hosting.Internal.WebHost[1]
      Request starting HTTP/1.1 GET http://localhost:52260/assets/style-switcher/vendor/spectrum/themes/sp-dark.css  
info: Microsoft.AspNetCore.Hosting.Internal.WebHost[1]
      Request starting HTTP/1.1 GET http://localhost:52260/assets/style-switcher/style-switcher.css  
info: Microsoft.AspNetCore.Hosting.Internal.WebHost[2]
      Request finished in 12.2529ms 200 application/javascript
info: Microsoft.AspNetCore.StaticFiles.StaticFileMiddleware[2]
      Sending file. Request path: '/assets/vendor/clipboard/dist/clipboard.min.js'. Physical path: 'C:\Users\nickg\source\repos\Okta_DemoLauncher\DemoLauncher\wwwroot\assets\vendor\clipboard\dist\clipboard.min.js'
info: Microsoft.AspNetCore.Hosting.Internal.WebHost[1]
      Request starting HTTP/1.1 GET http://localhost:52260/assets/vendor/image-select/src/ImageSelect.jquery.js  
info: Microsoft.AspNetCore.Hosting.Internal.WebHost[2]
      Request finished in 184.3987ms 200 application/javascript
info: Microsoft.AspNetCore.Hosting.Internal.WebHost[2]
      Request finished in 46.1225ms 200 application/javascript
info: Microsoft.AspNetCore.StaticFiles.StaticFileMiddleware[2]
      Sending file. Request path: '/assets/style-switcher/style-switcher.css'. Physical path: 'C:\Users\nickg\source\repos\Okta_DemoLauncher\DemoLauncher\wwwroot\assets\style-switcher\style-switcher.css'
info: Microsoft.AspNetCore.Hosting.Internal.WebHost[2]
      Request finished in 14.7669ms 200 text/css
info: Microsoft.AspNetCore.StaticFiles.StaticFileMiddleware[2]
      Sending file. Request path: '/assets/style-switcher/vendor/spectrum/themes/sp-dark.css'. Physical path: 'C:\Users\nickg\source\repos\Okta_DemoLauncher\DemoLauncher\wwwroot\assets\style-switcher\vendor\spectrum\themes\sp-dark.css'
info: Microsoft.AspNetCore.StaticFiles.StaticFileMiddleware[2]
      Sending file. Request path: '/assets/vendor/image-select/src/ImageSelect.jquery.js'. Physical path: 'C:\Users\nickg\source\repos\Okta_DemoLauncher\DemoLauncher\wwwroot\assets\vendor\image-select\src\ImageSelect.jquery.js'
info: Microsoft.AspNetCore.Hosting.Internal.WebHost[2]
      Request finished in 22.1245ms 200 text/css
info: Microsoft.AspNetCore.Hosting.Internal.WebHost[2]
      Request finished in 11.6682ms 200 application/javascript
info: Microsoft.AspNetCore.Hosting.Internal.WebHost[1]
      Request starting HTTP/1.1 GET http://localhost:52260/assets/vendor/chosen/chosen.css  
info: Microsoft.AspNetCore.Hosting.Internal.WebHost[1]
      Request starting HTTP/1.1 GET http://localhost:52260/assets/vendor/prism/components/prism-clike.min.js  
info: Microsoft.AspNetCore.Hosting.Internal.WebHost[1]
      Request starting HTTP/1.1 GET http://localhost:52260/assets/vendor/chosen/chosen.jquery.js  
info: Microsoft.AspNetCore.Hosting.Internal.WebHost[1]
      Request starting HTTP/1.1 GET http://localhost:52260/assets/vendor/prism/components/prism-markup.min.js  
info: Microsoft.AspNetCore.StaticFiles.StaticFileMiddleware[2]
      Sending file. Request path: '/assets/css/custom.less'. Physical path: 'C:\Users\nickg\source\repos\Okta_DemoLauncher\DemoLauncher\wwwroot\assets\css\custom.less'
info: Microsoft.AspNetCore.Hosting.Internal.WebHost[2]
      Request finished in 49.4476ms 200 plain/text
info: Microsoft.AspNetCore.StaticFiles.StaticFileMiddleware[2]
      Sending file. Request path: '/assets/vendor/chosen/chosen.css'. Physical path: 'C:\Users\nickg\source\repos\Okta_DemoLauncher\DemoLauncher\wwwroot\assets\vendor\chosen\chosen.css'
info: Microsoft.AspNetCore.StaticFiles.StaticFileMiddleware[2]
      Sending file. Request path: '/assets/vendor/prism/components/prism-markup.min.js'. Physical path: 'C:\Users\nickg\source\repos\Okta_DemoLauncher\DemoLauncher\wwwroot\assets\vendor\prism\components\prism-markup.min.js'
info: Microsoft.AspNetCore.StaticFiles.StaticFileMiddleware[2]
      Sending file. Request path: '/assets/vendor/chosen/chosen.jquery.js'. Physical path: 'C:\Users\nickg\source\repos\Okta_DemoLauncher\DemoLauncher\wwwroot\assets\vendor\chosen\chosen.jquery.js'
info: Microsoft.AspNetCore.Hosting.Internal.WebHost[2]
      Request finished in 12.5321ms 200 application/javascript
info: Microsoft.AspNetCore.Hosting.Internal.WebHost[2]
      Request finished in 23.8918ms 200 text/css
info: Microsoft.AspNetCore.StaticFiles.StaticFileMiddleware[2]
      Sending file. Request path: '/assets/vendor/prism/components/prism-clike.min.js'. Physical path: 'C:\Users\nickg\source\repos\Okta_DemoLauncher\DemoLauncher\wwwroot\assets\vendor\prism\components\prism-clike.min.js'
info: Microsoft.AspNetCore.Hosting.Internal.WebHost[1]
      Request starting HTTP/1.1 GET http://localhost:52260/assets/style-switcher/vendor/spectrum/spectrum.js  
info: Microsoft.AspNetCore.Hosting.Internal.WebHost[2]
      Request finished in 30.029ms 200 application/javascript
info: Microsoft.AspNetCore.Hosting.Internal.WebHost[1]
      Request starting HTTP/1.1 GET http://localhost:52260/assets/img-temp/Customers/2019MQ.jpg  
info: Microsoft.AspNetCore.Hosting.Internal.WebHost[1]
      Request starting HTTP/1.1 GET http://localhost:52260/assets/vendor/prism/plugins/copy-to-clipboard/prism-copy-to-clipboard.min.js  
info: Microsoft.AspNetCore.Hosting.Internal.WebHost[2]
      Request finished in 40.4668ms 200 application/javascript
info: Microsoft.AspNetCore.Hosting.Internal.WebHost[1]
      Request starting HTTP/1.1 GET http://localhost:52260/assets/vendor/prism/components/prism-css.min.js  
info: Microsoft.AspNetCore.StaticFiles.StaticFileMiddleware[2]
      Sending file. Request path: '/assets/style-switcher/vendor/spectrum/spectrum.js'. Physical path: 'C:\Users\nickg\source\repos\Okta_DemoLauncher\DemoLauncher\wwwroot\assets\style-switcher\vendor\spectrum\spectrum.js'
info: Microsoft.AspNetCore.Hosting.Internal.WebHost[1]
      Request starting HTTP/1.1 GET http://localhost:52260/assets/style-switcher/vendor/cookiejs/jquery.cookie.js  
info: Microsoft.AspNetCore.Hosting.Internal.WebHost[1]
      Request starting HTTP/1.1 GET http://localhost:52260/assets/js/helpers/hs.height-calc.js  
info: Microsoft.AspNetCore.Hosting.Internal.WebHost[2]
      Request finished in 27.7672ms 200 application/javascript
info: Microsoft.AspNetCore.StaticFiles.StaticFileMiddleware[2]
      Sending file. Request path: '/assets/vendor/prism/plugins/copy-to-clipboard/prism-copy-to-clipboard.min.js'. Physical path: 'C:\Users\nickg\source\repos\Okta_DemoLauncher\DemoLauncher\wwwroot\assets\vendor\prism\plugins\copy-to-clipboard\prism-copy-to-clipboard.min.js'
info: Microsoft.AspNetCore.StaticFiles.StaticFileMiddleware[2]
      Sending file. Request path: '/assets/img-temp/Customers/2019MQ.jpg'. Physical path: 'C:\Users\nickg\source\repos\Okta_DemoLauncher\DemoLauncher\wwwroot\assets\img-temp\Customers\2019MQ.jpg'
info: Microsoft.AspNetCore.Hosting.Internal.WebHost[2]
      Request finished in 22.643ms 200 application/javascript
info: Microsoft.AspNetCore.StaticFiles.StaticFileMiddleware[2]
      Sending file. Request path: '/assets/vendor/prism/components/prism-css.min.js'. Physical path: 'C:\Users\nickg\source\repos\Okta_DemoLauncher\DemoLauncher\wwwroot\assets\vendor\prism\components\prism-css.min.js'
info: Microsoft.AspNetCore.Hosting.Internal.WebHost[2]
      Request finished in 30.9981ms 200 image/jpeg
info: Microsoft.AspNetCore.StaticFiles.StaticFileMiddleware[2]
      Sending file. Request path: '/assets/style-switcher/vendor/cookiejs/jquery.cookie.js'. Physical path: 'C:\Users\nickg\source\repos\Okta_DemoLauncher\DemoLauncher\wwwroot\assets\style-switcher\vendor\cookiejs\jquery.cookie.js'
info: Microsoft.AspNetCore.StaticFiles.StaticFileMiddleware[2]
      Sending file. Request path: '/assets/js/helpers/hs.height-calc.js'. Physical path: 'C:\Users\nickg\source\repos\Okta_DemoLauncher\DemoLauncher\wwwroot\assets\js\helpers\hs.height-calc.js'
info: Microsoft.AspNetCore.Hosting.Internal.WebHost[1]
      Request starting HTTP/1.1 GET http://localhost:52260/assets/style-switcher/style-switcher.js  
info: Microsoft.AspNetCore.Hosting.Internal.WebHost[2]
      Request finished in 30.5652ms 200 application/javascript
info: Microsoft.AspNetCore.Hosting.Internal.WebHost[1]
      Request starting HTTP/1.1 GET http://localhost:52260/assets/img-temp/100x100/img7.jpg  
info: Microsoft.AspNetCore.Hosting.Internal.WebHost[1]
      Request starting HTTP/1.1 GET http://localhost:52260/assets/js/components/hs.markup-copy.js  
info: Microsoft.AspNetCore.StaticFiles.StaticFileMiddleware[2]
      Sending file. Request path: '/assets/style-switcher/style-switcher.js'. Physical path: 'C:\Users\nickg\source\repos\Okta_DemoLauncher\DemoLauncher\wwwroot\assets\style-switcher\style-switcher.js'
info: Microsoft.AspNetCore.StaticFiles.StaticFileMiddleware[2]
      Sending file. Request path: '/assets/img-temp/100x100/img7.jpg'. Physical path: 'C:\Users\nickg\source\repos\Okta_DemoLauncher\DemoLauncher\wwwroot\assets\img-temp\100x100\img7.jpg'
info: Microsoft.AspNetCore.Hosting.Internal.WebHost[2]
      Request finished in 34.8897ms 200 application/javascript
info: Microsoft.AspNetCore.Hosting.Internal.WebHost[2]
      Request finished in 12.2986ms 200 image/jpeg
info: Microsoft.AspNetCore.Hosting.Internal.WebHost[1]
      Request starting HTTP/1.1 GET http://localhost:52260/assets/img-temp/100x100/img4.jpg  
info: Microsoft.AspNetCore.Hosting.Internal.WebHost[2]
      Request finished in 22.657ms 200 application/javascript
info: Microsoft.AspNetCore.Hosting.Internal.WebHost[1]
      Request starting HTTP/1.1 GET http://localhost:52260/assets/img-temp/400x270/img13.jpg  
info: Microsoft.AspNetCore.StaticFiles.StaticFileMiddleware[2]
      Sending file. Request path: '/assets/img-temp/100x100/img4.jpg'. Physical path: 'C:\Users\nickg\source\repos\Okta_DemoLauncher\DemoLauncher\wwwroot\assets\img-temp\100x100\img4.jpg'
info: Microsoft.AspNetCore.Hosting.Internal.WebHost[1]
      Request starting HTTP/1.1 GET http://localhost:52260/assets/vendor/custombox/custombox.min.js  
info: Microsoft.AspNetCore.Hosting.Internal.WebHost[2]
      Request finished in 14.2546ms 200 image/jpeg
info: Microsoft.AspNetCore.StaticFiles.StaticFileMiddleware[2]
      Sending file. Request path: '/assets/img-temp/400x270/img13.jpg'. Physical path: 'C:\Users\nickg\source\repos\Okta_DemoLauncher\DemoLauncher\wwwroot\assets\img-temp\400x270\img13.jpg'
info: Microsoft.AspNetCore.Hosting.Internal.WebHost[1]
      Request starting HTTP/1.1 GET http://localhost:52260/assets/img-temp/100x100/img12.jpg  
info: Microsoft.AspNetCore.StaticFiles.StaticFileMiddleware[2]
      Sending file. Request path: '/assets/js/components/hs.markup-copy.js'. Physical path: 'C:\Users\nickg\source\repos\Okta_DemoLauncher\DemoLauncher\wwwroot\assets\js\components\hs.markup-copy.js'
info: Microsoft.AspNetCore.Hosting.Internal.WebHost[2]
      Request finished in 28.6363ms 200 application/javascript
info: Microsoft.AspNetCore.Hosting.Internal.WebHost[1]
      Request starting HTTP/1.1 GET http://localhost:52260/assets/img-temp/100x100/img5.jpg  
info: Microsoft.AspNetCore.StaticFiles.StaticFileMiddleware[2]
      Sending file. Request path: '/assets/img-temp/100x100/img12.jpg'. Physical path: 'C:\Users\nickg\source\repos\Okta_DemoLauncher\DemoLauncher\wwwroot\assets\img-temp\100x100\img12.jpg'
info: Microsoft.AspNetCore.StaticFiles.StaticFileMiddleware[2]
      Sending file. Request path: '/assets/vendor/custombox/custombox.min.js'. Physical path: 'C:\Users\nickg\source\repos\Okta_DemoLauncher\DemoLauncher\wwwroot\assets\vendor\custombox\custombox.min.js'
info: Microsoft.AspNetCore.Hosting.Internal.WebHost[2]
      Request finished in 12.699ms 200 image/jpeg
info: Microsoft.AspNetCore.Hosting.Internal.WebHost[1]
      Request starting HTTP/1.1 GET http://localhost:52260/assets/js/components/hs.modal-window.js  
info: Microsoft.AspNetCore.Hosting.Internal.WebHost[2]
      Request finished in 25.6988ms 200 image/jpeg
info: Microsoft.AspNetCore.StaticFiles.StaticFileMiddleware[2]
      Sending file. Request path: '/assets/img-temp/100x100/img5.jpg'. Physical path: 'C:\Users\nickg\source\repos\Okta_DemoLauncher\DemoLauncher\wwwroot\assets\img-temp\100x100\img5.jpg'
info: Microsoft.AspNetCore.Hosting.Internal.WebHost[1]
      Request starting HTTP/1.1 GET http://localhost:52260/assets/img-temp/Customers/Okta_CIAM.png  
info: Microsoft.AspNetCore.Hosting.Internal.WebHost[1]
      Request starting HTTP/1.1 GET http://localhost:52260/assets/vendor/prism/components/prism-javascript.min.js  
info: Microsoft.AspNetCore.Hosting.Internal.WebHost[2]
      Request finished in 27.9017ms 200 image/jpeg
info: Microsoft.AspNetCore.StaticFiles.StaticFileMiddleware[2]
      Sending file. Request path: '/assets/js/components/hs.modal-window.js'. Physical path: 'C:\Users\nickg\source\repos\Okta_DemoLauncher\DemoLauncher\wwwroot\assets\js\components\hs.modal-window.js'
info: Microsoft.AspNetCore.Hosting.Internal.WebHost[1]
      Request starting HTTP/1.1 GET http://localhost:52260/assets/vendor/icon-hs/fonts/hs-icons.ttf?xa77py  
info: Microsoft.AspNetCore.Hosting.Internal.WebHost[2]
      Request finished in 29.3481ms 200 application/javascript
info: Microsoft.AspNetCore.StaticFiles.StaticFileMiddleware[2]
      Sending file. Request path: '/assets/vendor/prism/components/prism-javascript.min.js'. Physical path: 'C:\Users\nickg\source\repos\Okta_DemoLauncher\DemoLauncher\wwwroot\assets\vendor\prism\components\prism-javascript.min.js'
info: Microsoft.AspNetCore.StaticFiles.StaticFileMiddleware[2]
      Sending file. Request path: '/assets/vendor/icon-hs/fonts/hs-icons.ttf'. Physical path: 'C:\Users\nickg\source\repos\Okta_DemoLauncher\DemoLauncher\wwwroot\assets\vendor\icon-hs\fonts\hs-icons.ttf'
info: Microsoft.AspNetCore.Hosting.Internal.WebHost[2]
      Request finished in 16.9869ms 200 application/javascript
info: Microsoft.AspNetCore.Hosting.Internal.WebHost[2]
      Request finished in 9.9019ms 200 application/x-font-ttf
info: Microsoft.AspNetCore.StaticFiles.StaticFileMiddleware[2]
      Sending file. Request path: '/assets/img-temp/Customers/Okta_CIAM.png'. Physical path: 'C:\Users\nickg\source\repos\Okta_DemoLauncher\DemoLauncher\wwwroot\assets\img-temp\Customers\Okta_CIAM.png'
info: Microsoft.AspNetCore.Hosting.Internal.WebHost[2]
      Request finished in 26.7467ms 200 image/png
info: Microsoft.AspNetCore.Hosting.Internal.WebHost[2]
      Request finished in 61.3292ms 200 application/javascript
info: Microsoft.AspNetCore.Hosting.Internal.WebHost[2]
      Request finished in 118.7689ms 200 application/javascript
info: Microsoft.AspNetCore.Hosting.Internal.WebHost[1]
      Request starting HTTP/1.1 GET http://localhost:52260/assets/img-temp/100x100/img6.jpg  
info: Microsoft.AspNetCore.Hosting.Internal.WebHost[1]
      Request starting HTTP/1.1 GET http://localhost:52260/assets/vendor/prism/plugins/toolbar/prism-toolbar.min.js  
info: Microsoft.AspNetCore.StaticFiles.StaticFileMiddleware[2]
      Sending file. Request path: '/assets/img-temp/100x100/img6.jpg'. Physical path: 'C:\Users\nickg\source\repos\Okta_DemoLauncher\DemoLauncher\wwwroot\assets\img-temp\100x100\img6.jpg'
info: Microsoft.AspNetCore.StaticFiles.StaticFileMiddleware[2]
      Sending file. Request path: '/assets/vendor/prism/plugins/toolbar/prism-toolbar.min.js'. Physical path: 'C:\Users\nickg\source\repos\Okta_DemoLauncher\DemoLauncher\wwwroot\assets\vendor\prism\plugins\toolbar\prism-toolbar.min.js'
info: Microsoft.AspNetCore.Hosting.Internal.WebHost[2]
      Request finished in 15.9647ms 200 image/jpeg
info: Microsoft.AspNetCore.Hosting.Internal.WebHost[2]
      Request finished in 14.8514ms 200 application/javascript
info: Microsoft.AspNetCore.Hosting.Internal.WebHost[1]
      Request starting HTTP/1.1 GET http://localhost:52260/assets/vendor/icon-awesome/fonts/fontawesome-webfont.woff2?v=4.7.0  
info: Microsoft.AspNetCore.StaticFiles.StaticFileMiddleware[2]
      Sending file. Request path: '/assets/vendor/icon-awesome/fonts/fontawesome-webfont.woff2'. Physical path: 'C:\Users\nickg\source\repos\Okta_DemoLauncher\DemoLauncher\wwwroot\assets\vendor\icon-awesome\fonts\fontawesome-webfont.woff2'
info: Microsoft.AspNetCore.Hosting.Internal.WebHost[2]
      Request finished in 5.0006ms 200 font/woff2
info: Microsoft.AspNetCore.Hosting.Internal.WebHost[1]
      Request starting HTTP/1.1 GET http://localhost:52260/assets/img/bg/pattern/doodles.png  
info: Microsoft.AspNetCore.Hosting.Internal.WebHost[1]
      Request starting HTTP/1.1 GET http://localhost:52260/assets/img/bg/pattern/math-dark.png  
info: Microsoft.AspNetCore.Hosting.Internal.WebHost[1]
      Request starting HTTP/1.1 GET http://localhost:52260/assets/img-temp/1920x1080/img6.jpg  
info: Microsoft.AspNetCore.Hosting.Internal.WebHost[1]
      Request starting HTTP/1.1 GET http://localhost:52260/assets/img/bg/pattern/footer-lodyas.png  
info: Microsoft.AspNetCore.Hosting.Internal.WebHost[1]
      Request starting HTTP/1.1 GET http://localhost:52260/assets/img-temp/1920x1080/img7.jpg  
info: Microsoft.AspNetCore.Hosting.Internal.WebHost[1]
      Request starting HTTP/1.1 GET http://localhost:52260/assets/img-temp/1920x1080/img2.jpg  
info: Microsoft.AspNetCore.StaticFiles.StaticFileMiddleware[2]
      Sending file. Request path: '/assets/img/bg/pattern/doodles.png'. Physical path: 'C:\Users\nickg\source\repos\Okta_DemoLauncher\DemoLauncher\wwwroot\assets\img\bg\pattern\doodles.png'
info: Microsoft.AspNetCore.Hosting.Internal.WebHost[2]
      Request finished in 25.6969ms 200 image/png
info: Microsoft.AspNetCore.StaticFiles.StaticFileMiddleware[2]
      Sending file. Request path: '/assets/img/bg/pattern/math-dark.png'. Physical path: 'C:\Users\nickg\source\repos\Okta_DemoLauncher\DemoLauncher\wwwroot\assets\img\bg\pattern\math-dark.png'
info: Microsoft.AspNetCore.StaticFiles.StaticFileMiddleware[2]
      Sending file. Request path: '/assets/img/bg/pattern/footer-lodyas.png'. Physical path: 'C:\Users\nickg\source\repos\Okta_DemoLauncher\DemoLauncher\wwwroot\assets\img\bg\pattern\footer-lodyas.png'
info: Microsoft.AspNetCore.Hosting.Internal.WebHost[1]
      Request starting HTTP/1.1 GET http://localhost:52260/assets/img/bg/pattern/bricks-white.png  
info: Microsoft.AspNetCore.StaticFiles.StaticFileMiddleware[2]
      Sending file. Request path: '/assets/img-temp/1920x1080/img7.jpg'. Physical path: 'C:\Users\nickg\source\repos\Okta_DemoLauncher\DemoLauncher\wwwroot\assets\img-temp\1920x1080\img7.jpg'
info: Microsoft.AspNetCore.Hosting.Internal.WebHost[2]
      Request finished in 36.7899ms 200 image/png
info: Microsoft.AspNetCore.Hosting.Internal.WebHost[2]
      Request finished in 38.8034ms 200 image/png
info: Microsoft.AspNetCore.Hosting.Internal.WebHost[1]
      Request starting HTTP/1.1 GET http://localhost:52260/assets/img/bg/none-bg.png  
info: Microsoft.AspNetCore.Hosting.Internal.WebHost[1]
      Request starting HTTP/1.1 GET http://localhost:52260/assets/img-temp/1920x1080/img5.jpg  
info: Microsoft.AspNetCore.Hosting.Internal.WebHost[2]
      Request finished in 45.83ms 200 image/jpeg
info: Microsoft.AspNetCore.StaticFiles.StaticFileMiddleware[2]
      Sending file. Request path: '/assets/img-temp/1920x1080/img2.jpg'. Physical path: 'C:\Users\nickg\source\repos\Okta_DemoLauncher\DemoLauncher\wwwroot\assets\img-temp\1920x1080\img2.jpg'
info: Microsoft.AspNetCore.Hosting.Internal.WebHost[1]
      Request starting HTTP/1.1 GET http://localhost:52260/assets/img/bg/pattern/memphis-colorful.png  
info: Microsoft.AspNetCore.Hosting.Internal.WebHost[2]
      Request finished in 59.5354ms 200 image/jpeg
info: Microsoft.AspNetCore.StaticFiles.StaticFileMiddleware[2]
      Sending file. Request path: '/assets/img-temp/1920x1080/img6.jpg'. Physical path: 'C:\Users\nickg\source\repos\Okta_DemoLauncher\DemoLauncher\wwwroot\assets\img-temp\1920x1080\img6.jpg'
info: Microsoft.AspNetCore.Hosting.Internal.WebHost[2]
      Request finished in 69.1416ms 200 image/jpeg
info: Microsoft.AspNetCore.StaticFiles.StaticFileMiddleware[2]
      Sending file. Request path: '/assets/img/bg/none-bg.png'. Physical path: 'C:\Users\nickg\source\repos\Okta_DemoLauncher\DemoLauncher\wwwroot\assets\img\bg\none-bg.png'
info: Microsoft.AspNetCore.Hosting.Internal.WebHost[2]
      Request finished in 37.8333ms 200 image/png
info: Microsoft.AspNetCore.StaticFiles.StaticFileMiddleware[2]
      Sending file. Request path: '/assets/img/bg/pattern/memphis-colorful.png'. Physical path: 'C:\Users\nickg\source\repos\Okta_DemoLauncher\DemoLauncher\wwwroot\assets\img\bg\pattern\memphis-colorful.png'
info: Microsoft.AspNetCore.Hosting.Internal.WebHost[2]
      Request finished in 27.1226ms 200 image/png
info: Microsoft.AspNetCore.StaticFiles.StaticFileMiddleware[2]
      Sending file. Request path: '/assets/img/bg/pattern/bricks-white.png'. Physical path: 'C:\Users\nickg\source\repos\Okta_DemoLauncher\DemoLauncher\wwwroot\assets\img\bg\pattern\bricks-white.png'
info: Microsoft.AspNetCore.Hosting.Internal.WebHost[1]
      Request starting HTTP/1.1 GET http://localhost:52260/assets/img-temp/1920x1080/img4.jpg  
info: Microsoft.AspNetCore.StaticFiles.StaticFileMiddleware[2]
      Sending file. Request path: '/assets/img-temp/1920x1080/img5.jpg'. Physical path: 'C:\Users\nickg\source\repos\Okta_DemoLauncher\DemoLauncher\wwwroot\assets\img-temp\1920x1080\img5.jpg'
info: Microsoft.AspNetCore.Hosting.Internal.WebHost[1]
      Request starting HTTP/1.1 GET http://localhost:52260/assets/img-temp/1920x1080/img3.jpg  
info: Microsoft.AspNetCore.Hosting.Internal.WebHost[1]
      Request starting HTTP/1.1 GET http://localhost:52260/assets/img/bg/pattern/darkness.png  
info: Microsoft.AspNetCore.Hosting.Internal.WebHost[1]
      Request starting HTTP/1.1 GET http://localhost:52260/assets/img/bg/pattern/figures-light.png  
info: Microsoft.AspNetCore.Hosting.Internal.WebHost[2]
      Request finished in 63.2299ms 200 image/png
info: Microsoft.AspNetCore.StaticFiles.StaticFileMiddleware[2]
      Sending file. Request path: '/assets/img/bg/pattern/darkness.png'. Physical path: 'C:\Users\nickg\source\repos\Okta_DemoLauncher\DemoLauncher\wwwroot\assets\img\bg\pattern\darkness.png'
info: Microsoft.AspNetCore.Hosting.Internal.WebHost[2]
      Request finished in 59.314ms 200 image/jpeg
info: Microsoft.AspNetCore.Hosting.Internal.WebHost[2]
      Request finished in 13.4358ms 200 image/png
info: Microsoft.AspNetCore.StaticFiles.StaticFileMiddleware[2]
      Sending file. Request path: '/assets/img/bg/pattern/figures-light.png'. Physical path: 'C:\Users\nickg\source\repos\Okta_DemoLauncher\DemoLauncher\wwwroot\assets\img\bg\pattern\figures-light.png'
info: Microsoft.AspNetCore.Hosting.Internal.WebHost[2]
      Request finished in 19.1636ms 200 image/png
info: Microsoft.AspNetCore.StaticFiles.StaticFileMiddleware[2]
      Sending file. Request path: '/assets/img-temp/1920x1080/img3.jpg'. Physical path: 'C:\Users\nickg\source\repos\Okta_DemoLauncher\DemoLauncher\wwwroot\assets\img-temp\1920x1080\img3.jpg'
info: Microsoft.AspNetCore.Hosting.Internal.WebHost[2]
      Request finished in 32.3908ms 200 image/jpeg
info: Microsoft.AspNetCore.StaticFiles.StaticFileMiddleware[2]
      Sending file. Request path: '/assets/img-temp/1920x1080/img4.jpg'. Physical path: 'C:\Users\nickg\source\repos\Okta_DemoLauncher\DemoLauncher\wwwroot\assets\img-temp\1920x1080\img4.jpg'
info: Microsoft.AspNetCore.Hosting.Internal.WebHost[2]
      Request finished in 38.2547ms 200 image/jpeg
info: Microsoft.AspNetCore.Hosting.Internal.WebHost[1]
      Request starting HTTP/1.1 GET http://localhost:52260/assets/vendor/icon-line/fonts/Simple-Line-Icons.woff2?v=2.4.0  
info: Microsoft.AspNetCore.StaticFiles.StaticFileMiddleware[2]
      Sending file. Request path: '/assets/vendor/icon-line/fonts/Simple-Line-Icons.woff2'. Physical path: 'C:\Users\nickg\source\repos\Okta_DemoLauncher\DemoLauncher\wwwroot\assets\vendor\icon-line\fonts\Simple-Line-Icons.woff2'
info: Microsoft.AspNetCore.Hosting.Internal.WebHost[2]
      Request finished in 6.1958ms 200 font/woff2
info: Microsoft.AspNetCore.Hosting.Internal.WebHost[1]
      Request starting HTTP/1.1 GET http://localhost:52260/assets/vendor/icon-line-pro/communication/webfont/fonts/communication-48-x-48.woff  
info: Microsoft.AspNetCore.Hosting.Internal.WebHost[1]
      Request starting HTTP/1.1 GET http://localhost:52260/assets/vendor/icon-line-pro/finance/webfont/fonts/finance.woff  
info: Microsoft.AspNetCore.StaticFiles.StaticFileMiddleware[2]
      Sending file. Request path: '/assets/vendor/icon-line-pro/communication/webfont/fonts/communication-48-x-48.woff'. Physical path: 'C:\Users\nickg\source\repos\Okta_DemoLauncher\DemoLauncher\wwwroot\assets\vendor\icon-line-pro\communication\webfont\fonts\communication-48-x-48.woff'
info: Microsoft.AspNetCore.StaticFiles.StaticFileMiddleware[2]
      Sending file. Request path: '/assets/vendor/icon-line-pro/finance/webfont/fonts/finance.woff'. Physical path: 'C:\Users\nickg\source\repos\Okta_DemoLauncher\DemoLauncher\wwwroot\assets\vendor\icon-line-pro\finance\webfont\fonts\finance.woff'
info: Microsoft.AspNetCore.Hosting.Internal.WebHost[2]
      Request finished in 12.8451ms 200 application/font-woff
info: Microsoft.AspNetCore.Hosting.Internal.WebHost[2]
      Request finished in 21.192ms 200 application/font-woff
info: Microsoft.AspNetCore.Hosting.Internal.WebHost[1]
      Request starting HTTP/1.1 GET http://localhost:52260/assets/img/bg/pattern5.png  
info: Microsoft.AspNetCore.Hosting.Internal.WebHost[1]
      Request starting HTTP/1.1 GET http://localhost:52260/assets/img/maps/map2.png  
info: Microsoft.AspNetCore.StaticFiles.StaticFileMiddleware[2]
      Sending file. Request path: '/assets/img/maps/map2.png'. Physical path: 'C:\Users\nickg\source\repos\Okta_DemoLauncher\DemoLauncher\wwwroot\assets\img\maps\map2.png'
info: Microsoft.AspNetCore.StaticFiles.StaticFileMiddleware[2]
      Sending file. Request path: '/assets/img/bg/pattern5.png'. Physical path: 'C:\Users\nickg\source\repos\Okta_DemoLauncher\DemoLauncher\wwwroot\assets\img\bg\pattern5.png'
info: Microsoft.AspNetCore.Hosting.Internal.WebHost[2]
      Request finished in 7.2968ms 200 image/png
info: Microsoft.AspNetCore.Hosting.Internal.WebHost[2]
      Request finished in 9.3896ms 200 image/png
