info: Microsoft.AspNetCore.DataProtection.KeyManagement.XmlKeyManager[0]
      User profile is available. Using 'C:\Users\nickg\AppData\Local\ASP.NET\DataProtection-Keys' as key repository and Windows DPAPI to encrypt keys at rest.
Hosting environment: Development
Content root path: C:\Users\nickg\source\repos\Okta_DemoLauncher\DemoLauncher
Application started. Press Ctrl+C to shut down.
info: Microsoft.AspNetCore.Hosting.Internal.WebHost[1]
      Request starting HTTP/1.1 GET http://localhost:52260/  
warn: Microsoft.AspNetCore.HttpsPolicy.HttpsRedirectionMiddleware[3]
      Failed to determine the https port for redirect.
info: Microsoft.AspNetCore.Routing.EndpointMiddleware[0]
      Executing endpoint 'Page: /Home/home-default'
info: Microsoft.AspNetCore.Mvc.RazorPages.Internal.PageActionInvoker[3]
      Route matched with {page = "/Home/home-default"}. Executing page /Home/home-default
info: Microsoft.AspNetCore.Mvc.RazorPages.Internal.PageActionInvoker[101]
      Executing handler method DemoLauncher.Pages.HomeDefaultModel.OnGet - ModelState is Valid
info: Microsoft.AspNetCore.Mvc.RazorPages.Internal.PageActionInvoker[102]
      Executed handler method OnGet, returned result Microsoft.AspNetCore.Mvc.RazorPages.PageResult.
info: Microsoft.AspNetCore.Mvc.RazorPages.Internal.PageActionInvoker[4]
      Executed page /Home/home-default in 46174.6566ms
info: Microsoft.AspNetCore.Routing.EndpointMiddleware[1]
      Executed endpoint 'Page: /Home/home-default'
info: Microsoft.AspNetCore.Hosting.Internal.WebHost[2]
      Request finished in 46307.081ms 200 text/html; charset=utf-8
